<?xml version="1.0" encoding="UTF-8"?>
<!-- Generated by org.testng.reporters.JUnitXMLReporter -->
<testsuite ignored="0" hostname="Savitha" failures="0" tests="4" name="Default test" time="0.08" errors="0" timestamp="2022-10-06T17:28:00 IST">
  <testcase classname="com.example.DataProviderTest" name="testMethodOne" time="0.011"/>
  <testcase classname="com.example.DataProviderTest" name="testMethodOne" time="0.002"/>
  <testcase classname="com.example.DataProviderTest" name="testMethodTwo" time="0.001"/>
  <testcase classname="com.example.DataProviderTest" name="testMethodTwo" time="0.002"/>
</testsuite> <!-- Default test -->
