<?xml version="1.0" encoding="UTF-8"?>
<testng-results ignored="0" total="4" passed="4" failed="0" skipped="0">
  <reporter-output>
  </reporter-output>
  <suite started-at="2022-10-06T17:28:00 IST" name="Default suite" finished-at="2022-10-06T17:28:00 IST" duration-ms="80">
    <groups>
    </groups>
    <test started-at="2022-10-06T17:28:00 IST" name="Default test" finished-at="2022-10-06T17:28:00 IST" duration-ms="80">
      <class name="com.example.DataProviderTest">
        <test-method signature="testMethodOne()[pri:0, instance:com.example.DataProviderTest@157853da, instance params:[0]]" started-at="2022-10-06T17:28:00 IST" name="testMethodOne" finished-at="2022-10-06T17:28:00 IST" duration-ms="11" status="PASS">
          <reporter-output>
          </reporter-output>
        </test-method> <!-- testMethodOne -->
        <test-method signature="testMethodOne()[pri:0, instance:com.example.DataProviderTest@71c3b41, instance params:[1]]" started-at="2022-10-06T17:28:00 IST" name="testMethodOne" finished-at="2022-10-06T17:28:00 IST" duration-ms="2" status="PASS">
          <reporter-output>
          </reporter-output>
        </test-method> <!-- testMethodOne -->
        <test-method signature="testMethodTwo()[pri:0, instance:com.example.DataProviderTest@157853da, instance params:[0]]" started-at="2022-10-06T17:28:00 IST" name="testMethodTwo" finished-at="2022-10-06T17:28:00 IST" duration-ms="1" status="PASS">
          <reporter-output>
          </reporter-output>
        </test-method> <!-- testMethodTwo -->
        <test-method signature="testMethodTwo()[pri:0, instance:com.example.DataProviderTest@71c3b41, instance params:[1]]" started-at="2022-10-06T17:28:00 IST" name="testMethodTwo" finished-at="2022-10-06T17:28:00 IST" duration-ms="2" status="PASS">
          <reporter-output>
          </reporter-output>
        </test-method> <!-- testMethodTwo -->
      </class> <!-- com.example.DataProviderTest -->
    </test> <!-- Default test -->
  </suite> <!-- Default suite -->
</testng-results>
